{"/Users/colin/Documents/code/frameworks/lionrockjs/release/modules/form/classes/MultipartParser.mjs": {"path":"/Users/colin/Documents/code/frameworks/lionrockjs/release/modules/form/classes/MultipartParser.mjs","statementMap":{"0":{"start":{"line":7,"column":17},"end":{"line":7,"column":28}},"1":{"start":{"line":11,"column":4},"end":{"line":14,"column":5}},"2":{"start":{"line":12,"column":6},"end":{"line":12,"column":21}},"3":{"start":{"line":13,"column":6},"end":{"line":13,"column":13}},"4":{"start":{"line":16,"column":17},"end":{"line":16,"column":19}},"5":{"start":{"line":17,"column":15},"end":{"line":17,"column":59}},"6":{"start":{"line":19,"column":4},"end":{"line":44,"column":7}},"7":{"start":{"line":20,"column":47},"end":{"line":20,"column":51}},"8":{"start":{"line":22,"column":22},"end":{"line":22,"column":34}},"9":{"start":{"line":23,"column":23},"end":{"line":23,"column":85}},"10":{"start":{"line":24,"column":6},"end":{"line":24,"column":48}},"11":{"start":{"line":26,"column":6},"end":{"line":43,"column":9}},"12":{"start":{"line":27,"column":8},"end":{"line":27,"column":73}},"13":{"start":{"line":29,"column":8},"end":{"line":29,"column":43}},"14":{"start":{"line":31,"column":8},"end":{"line":34,"column":9}},"15":{"start":{"line":32,"column":10},"end":{"line":32,"column":45}},"16":{"start":{"line":33,"column":10},"end":{"line":33,"column":17}},"17":{"start":{"line":36,"column":8},"end":{"line":42,"column":10}},"18":{"start":{"line":46,"column":4},"end":{"line":58,"column":7}},"19":{"start":{"line":48,"column":6},"end":{"line":48,"column":37}},"20":{"start":{"line":50,"column":6},"end":{"line":57,"column":7}},"21":{"start":{"line":52,"column":18},"end":{"line":52,"column":40}},"22":{"start":{"line":53,"column":8},"end":{"line":53,"column":32}},"23":{"start":{"line":54,"column":8},"end":{"line":54,"column":26}},"24":{"start":{"line":56,"column":8},"end":{"line":56,"column":25}},"25":{"start":{"line":60,"column":4},"end":{"line":62,"column":7}},"26":{"start":{"line":61,"column":6},"end":{"line":61,"column":21}},"27":{"start":{"line":64,"column":4},"end":{"line":64,"column":29}}},"fnMap":{"0":{"name":"(anonymous_0)","decl":{"start":{"line":10,"column":2},"end":{"line":10,"column":3}},"loc":{"start":{"line":10,"column":41},"end":{"line":65,"column":3}},"line":10},"1":{"name":"(anonymous_1)","decl":{"start":{"line":19,"column":18},"end":{"line":19,"column":19}},"loc":{"start":{"line":19,"column":39},"end":{"line":44,"column":5}},"line":19},"2":{"name":"(anonymous_2)","decl":{"start":{"line":26,"column":22},"end":{"line":26,"column":23}},"loc":{"start":{"line":26,"column":30},"end":{"line":28,"column":7}},"line":26},"3":{"name":"(anonymous_3)","decl":{"start":{"line":28,"column":21},"end":{"line":28,"column":22}},"loc":{"start":{"line":28,"column":27},"end":{"line":43,"column":7}},"line":28},"4":{"name":"(anonymous_4)","decl":{"start":{"line":32,"column":32},"end":{"line":32,"column":33}},"loc":{"start":{"line":32,"column":36},"end":{"line":32,"column":43}},"line":32},"5":{"name":"(anonymous_5)","decl":{"start":{"line":46,"column":19},"end":{"line":46,"column":20}},"loc":{"start":{"line":46,"column":40},"end":{"line":58,"column":5}},"line":46},"6":{"name":"(anonymous_6)","decl":{"start":{"line":60,"column":19},"end":{"line":60,"column":20}},"loc":{"start":{"line":60,"column":30},"end":{"line":62,"column":5}},"line":60}},"branchMap":{"0":{"loc":{"start":{"line":11,"column":4},"end":{"line":14,"column":5}},"type":"if","locations":[{"start":{"line":11,"column":4},"end":{"line":14,"column":5}},{"start":{},"end":{}}],"line":11},"1":{"loc":{"start":{"line":31,"column":8},"end":{"line":34,"column":9}},"type":"if","locations":[{"start":{"line":31,"column":8},"end":{"line":34,"column":9}},{"start":{},"end":{}}],"line":31},"2":{"loc":{"start":{"line":50,"column":6},"end":{"line":57,"column":7}},"type":"if","locations":[{"start":{"line":50,"column":6},"end":{"line":57,"column":7}},{"start":{"line":55,"column":13},"end":{"line":57,"column":7}}],"line":50},"3":{"loc":{"start":{"line":53,"column":18},"end":{"line":53,"column":31}},"type":"binary-expr","locations":[{"start":{"line":53,"column":18},"end":{"line":53,"column":25}},{"start":{"line":53,"column":29},"end":{"line":53,"column":31}}],"line":53}},"s":{"0":1,"1":0,"2":0,"3":0,"4":0,"5":0,"6":0,"7":0,"8":0,"9":0,"10":0,"11":0,"12":0,"13":0,"14":0,"15":0,"16":0,"17":0,"18":0,"19":0,"20":0,"21":0,"22":0,"23":0,"24":0,"25":0,"26":0,"27":0},"f":{"0":0,"1":0,"2":0,"3":0,"4":0,"5":0,"6":0},"b":{"0":[0,0],"1":[0,0],"2":[0,0],"3":[0,0]},"inputSourceMap":null,"_coverageSchema":"1a1c01bbd47fc00a2c39e90264f33305004495a9","hash":"e30ca1c2e67743b91632cab2bb077b154ac217c4"}
,"/Users/colin/Documents/code/frameworks/lionrockjs/release/modules/form/classes/controller-mixin/MultipartForm.mjs": {"path":"/Users/colin/Documents/code/frameworks/lionrockjs/release/modules/form/classes/controller-mixin/MultipartForm.mjs","statementMap":{"0":{"start":{"line":6,"column":21},"end":{"line":6,"column":29}},"1":{"start":{"line":7,"column":20},"end":{"line":7,"column":27}},"2":{"start":{"line":8,"column":24},"end":{"line":8,"column":35}},"3":{"start":{"line":11,"column":20},"end":{"line":11,"column":55}},"4":{"start":{"line":12,"column":4},"end":{"line":12,"column":50}},"5":{"start":{"line":13,"column":4},"end":{"line":13,"column":66}},"6":{"start":{"line":15,"column":4},"end":{"line":22,"column":5}},"7":{"start":{"line":16,"column":6},"end":{"line":21,"column":8}},"8":{"start":{"line":17,"column":8},"end":{"line":20,"column":11}},"9":{"start":{"line":18,"column":10},"end":{"line":18,"column":30}},"10":{"start":{"line":19,"column":10},"end":{"line":19,"column":24}},"11":{"start":{"line":24,"column":4},"end":{"line":24,"column":30}},"12":{"start":{"line":24,"column":23},"end":{"line":24,"column":30}},"13":{"start":{"line":26,"column":21},"end":{"line":28,"column":39}},"14":{"start":{"line":31,"column":4},"end":{"line":34,"column":7}},"15":{"start":{"line":32,"column":6},"end":{"line":32,"column":35}},"16":{"start":{"line":32,"column":28},"end":{"line":32,"column":35}},"17":{"start":{"line":33,"column":6},"end":{"line":33,"column":103}},"18":{"start":{"line":36,"column":4},"end":{"line":41,"column":7}},"19":{"start":{"line":37,"column":16},"end":{"line":37,"column":48}},"20":{"start":{"line":38,"column":6},"end":{"line":38,"column":19}},"21":{"start":{"line":38,"column":12},"end":{"line":38,"column":19}},"22":{"start":{"line":39,"column":6},"end":{"line":39,"column":44}},"23":{"start":{"line":40,"column":6},"end":{"line":40,"column":43}},"24":{"start":{"line":43,"column":4},"end":{"line":43,"column":40}},"25":{"start":{"line":45,"column":4},"end":{"line":45,"column":96}}},"fnMap":{"0":{"name":"(anonymous_0)","decl":{"start":{"line":10,"column":2},"end":{"line":10,"column":3}},"loc":{"start":{"line":10,"column":28},"end":{"line":46,"column":3}},"line":10},"1":{"name":"(anonymous_1)","decl":{"start":{"line":16,"column":24},"end":{"line":16,"column":25}},"loc":{"start":{"line":16,"column":35},"end":{"line":21,"column":7}},"line":16},"2":{"name":"(anonymous_2)","decl":{"start":{"line":17,"column":43},"end":{"line":17,"column":44}},"loc":{"start":{"line":17,"column":50},"end":{"line":20,"column":9}},"line":17},"3":{"name":"(anonymous_3)","decl":{"start":{"line":31,"column":34},"end":{"line":31,"column":35}},"loc":{"start":{"line":31,"column":40},"end":{"line":34,"column":5}},"line":31},"4":{"name":"(anonymous_4)","decl":{"start":{"line":36,"column":34},"end":{"line":36,"column":35}},"loc":{"start":{"line":36,"column":40},"end":{"line":41,"column":5}},"line":36}},"branchMap":{"0":{"loc":{"start":{"line":12,"column":29},"end":{"line":12,"column":48}},"type":"binary-expr","locations":[{"start":{"line":12,"column":29},"end":{"line":12,"column":42}},{"start":{"line":12,"column":46},"end":{"line":12,"column":48}}],"line":12},"1":{"loc":{"start":{"line":15,"column":4},"end":{"line":22,"column":5}},"type":"if","locations":[{"start":{"line":15,"column":4},"end":{"line":22,"column":5}},{"start":{},"end":{}}],"line":15},"2":{"loc":{"start":{"line":15,"column":7},"end":{"line":15,"column":95}},"type":"binary-expr","locations":[{"start":{"line":15,"column":7},"end":{"line":15,"column":27}},{"start":{"line":15,"column":31},"end":{"line":15,"column":95}}],"line":15},"3":{"loc":{"start":{"line":24,"column":4},"end":{"line":24,"column":30}},"type":"if","locations":[{"start":{"line":24,"column":4},"end":{"line":24,"column":30}},{"start":{},"end":{}}],"line":24},"4":{"loc":{"start":{"line":26,"column":21},"end":{"line":28,"column":39}},"type":"cond-expr","locations":[{"start":{"line":27,"column":9},"end":{"line":27,"column":28}},{"start":{"line":28,"column":8},"end":{"line":28,"column":39}}],"line":26},"5":{"loc":{"start":{"line":32,"column":6},"end":{"line":32,"column":35}},"type":"if","locations":[{"start":{"line":32,"column":6},"end":{"line":32,"column":35}},{"start":{},"end":{}}],"line":32},"6":{"loc":{"start":{"line":33,"column":40},"end":{"line":33,"column":102}},"type":"cond-expr","locations":[{"start":{"line":33,"column":71},"end":{"line":33,"column":84}},{"start":{"line":33,"column":87},"end":{"line":33,"column":102}}],"line":33},"7":{"loc":{"start":{"line":38,"column":6},"end":{"line":38,"column":19}},"type":"if","locations":[{"start":{"line":38,"column":6},"end":{"line":38,"column":19}},{"start":{},"end":{}}],"line":38},"8":{"loc":{"start":{"line":39,"column":23},"end":{"line":39,"column":43}},"type":"binary-expr","locations":[{"start":{"line":39,"column":23},"end":{"line":39,"column":37}},{"start":{"line":39,"column":41},"end":{"line":39,"column":43}}],"line":39}},"s":{"0":1,"1":1,"2":1,"3":5,"4":5,"5":5,"6":5,"7":0,"8":0,"9":0,"10":0,"11":5,"12":1,"13":4,"14":4,"15":12,"16":11,"17":1,"18":4,"19":13,"20":13,"21":10,"22":3,"23":3,"24":4,"25":4},"f":{"0":5,"1":0,"2":0,"3":12,"4":13},"b":{"0":[5,1],"1":[0,5],"2":[5,0],"3":[1,4],"4":[0,4],"5":[11,1],"6":[1,0],"7":[10,3],"8":[3,1]},"inputSourceMap":null,"_coverageSchema":"1a1c01bbd47fc00a2c39e90264f33305004495a9","hash":"e55b98627f070de74ffa01b185fa3b5a9eb63846"}
}
