TN:
SF:classes/MultipartParser.mjs
FN:10,(anonymous_0)
FN:19,(anonymous_1)
FN:26,(anonymous_2)
FN:28,(anonymous_3)
FN:32,(anonymous_4)
FN:46,(anonymous_5)
FN:60,(anonymous_6)
FNF:7
FNH:0
FNDA:0,(anonymous_0)
FNDA:0,(anonymous_1)
FNDA:0,(anonymous_2)
FNDA:0,(anonymous_3)
FNDA:0,(anonymous_4)
FNDA:0,(anonymous_5)
FNDA:0,(anonymous_6)
DA:7,1
DA:11,0
DA:12,0
DA:13,0
DA:16,0
DA:17,0
DA:19,0
DA:20,0
DA:22,0
DA:23,0
DA:24,0
DA:26,0
DA:27,0
DA:29,0
DA:31,0
DA:32,0
DA:33,0
DA:36,0
DA:46,0
DA:48,0
DA:50,0
DA:52,0
DA:53,0
DA:54,0
DA:56,0
DA:60,0
DA:61,0
DA:64,0
LF:28
LH:1
BRDA:11,0,0,0
BRDA:11,0,1,0
BRDA:31,1,0,0
BRDA:31,1,1,0
BRDA:50,2,0,0
BRDA:50,2,1,0
BRDA:53,3,0,0
BRDA:53,3,1,0
BRF:8
BRH:0
end_of_record
TN:
SF:classes/controller-mixin/MultipartForm.mjs
FN:10,(anonymous_0)
FN:16,(anonymous_1)
FN:17,(anonymous_2)
FN:31,(anonymous_3)
FN:36,(anonymous_4)
FNF:5
FNH:3
FNDA:5,(anonymous_0)
FNDA:0,(anonymous_1)
FNDA:0,(anonymous_2)
FNDA:12,(anonymous_3)
FNDA:13,(anonymous_4)
DA:6,1
DA:7,1
DA:8,1
DA:11,5
DA:12,5
DA:13,5
DA:15,5
DA:16,0
DA:17,0
DA:18,0
DA:19,0
DA:24,5
DA:26,4
DA:31,4
DA:32,12
DA:33,1
DA:36,4
DA:37,13
DA:38,13
DA:39,3
DA:40,3
DA:43,4
DA:45,4
LF:23
LH:19
BRDA:12,0,0,5
BRDA:12,0,1,1
BRDA:15,1,0,0
BRDA:15,1,1,5
BRDA:15,2,0,5
BRDA:15,2,1,0
BRDA:24,3,0,1
BRDA:24,3,1,4
BRDA:26,4,0,0
BRDA:26,4,1,4
BRDA:32,5,0,11
BRDA:32,5,1,1
BRDA:33,6,0,1
BRDA:33,6,1,0
BRDA:38,7,0,10
BRDA:38,7,1,3
BRDA:39,8,0,3
BRDA:39,8,1,1
BRF:18
BRH:14
end_of_record
